Terminals unused in grammar

   PLUSEQ
   DEC
   DEF


Grammar

    0 $accept: start $end

    1 start: PREPROCESS start
    2      | FunDec ';' start
    3      | FunDef start
    4      | VarDec ';' start
    5      | %empty

    6 FunDec: DataType IDENTIFIER OpenParan ParamList CloseParan
    7       | DataType IDENTIFIER '(' ')'

    8 FunDef: DataType IDENTIFIER OpenParan ParamList CloseParan BlockStat
    9       | DataType IDENTIFIER '(' ')' BlockStat

   10 OpenParan: '('

   11 CloseParan: ')'

   12 DataType: VOID
   13         | INT
   14         | CHAR
   15         | FLOAT

   16 ParamList: DataType IDENTIFIER ',' ParamList
   17          | DataType IDENTIFIER

   18 VarDec: DataType VarList

   19 VarList: IDENTIFIER
   20        | IDENTIFIER ',' VarList
   21        | IDENTIFIER '[' ConstExpr ']'
   22        | IDENTIFIER '[' ConstExpr ']' ',' VarList
   23        | IDENTIFIER '=' Expr

   24 FunCall: IDENTIFIER '(' ArgList ')'
   25        | IDENTIFIER '(' ')'

   26 ReturnStat: RETURN
   27           | RETURN Expr

   28 ArgList: Expr ',' ArgList
   29        | STRING_CONSTANT ',' ArgList
   30        | Expr
   31        | STRING_CONSTANT

   32 StatType: SingleStat StatType
   33         | BlockStat StatType
   34         | %empty

   35 SingleStat: ';'
   36           | Expr ';'
   37           | ReturnStat ';'
   38           | VarDec ';'
   39           | IfStat
   40           | WhileStat
   41           | ForStat
   42           | BREAK ';'
   43           | CONTINUE ';'

   44 $@1: %empty

   45 BlockStat: '{' $@1 StatType '}'

   46 ConstExpr: INTEGER_CONSTANT
   47          | ConstExpr '+' ConstExpr
   48          | ConstExpr '-' ConstExpr
   49          | ConstExpr '*' ConstExpr
   50          | ConstExpr '/' ConstExpr
   51          | ConstExpr '%' ConstExpr
   52          | '(' ConstExpr ')'

   53 Expr: Term
   54     | Expr '+' Expr
   55     | Expr '-' Expr
   56     | Expr '/' Expr
   57     | Expr '*' Expr
   58     | Expr '%' Expr
   59     | Expr '<' Expr
   60     | Expr '>' Expr
   61     | Expr '=' Expr
   62     | '(' Expr ')'

   63 Term: INTEGER_CONSTANT
   64     | IDENTIFIER
   65     | IDENTIFIER '[' ConstExpr ']'
   66     | INCREMENT IDENTIFIER
   67     | DECREMENT IDENTIFIER
   68     | IDENTIFIER INCREMENT
   69     | IDENTIFIER DECREMENT
   70     | FunCall

   71 IfStat: IF '(' Expr ')' SingleStat
   72       | IF '(' Expr ')' BlockStat
   73       | IF '(' Expr ')' SingleStat ELSE BlockStat
   74       | IF '(' Expr ')' BlockStat ELSE BlockStat
   75       | IF '(' Expr ')' BlockStat ELSE SingleStat
   76       | IF '(' Expr ')' SingleStat ELSE SingleStat

   77 ForStat: FOR '(' VarDec ';' Expr ';' Expr ')' BlockStat
   78        | FOR '(' Expr ';' Expr ';' Expr ')' BlockStat

   79 WhileStat: WHILE '(' Expr ')' BlockStat


Terminals, with rules where they appear

$end (0) 0
'%' (37) 51 58
'(' (40) 7 9 10 24 25 52 62 71 72 73 74 75 76 77 78 79
')' (41) 7 9 11 24 25 52 62 71 72 73 74 75 76 77 78 79
'*' (42) 49 57
'+' (43) 47 54
',' (44) 16 20 22 28 29
'-' (45) 48 55
'/' (47) 50 56
';' (59) 2 4 35 36 37 38 42 43 77 78
'<' (60) 59
'=' (61) 23 61
'>' (62) 60
'[' (91) 21 22 65
']' (93) 21 22 65
'{' (123) 45
'}' (125) 45
error (256)
INT (258) 13
FLOAT (259) 15
WHILE (260) 79
FOR (261) 77 78
IF (262) 71 72 73 74 75 76
ELSE (263) 73 74 75 76
CHAR (264) 14
VOID (265) 12
RETURN (266) 26 27
BREAK (267) 42
CONTINUE (268) 43
INTEGER_CONSTANT (269) 46 63
IDENTIFIER (270) 6 7 8 9 16 17 19 20 21 22 23 24 25 64 65 66 67 68
    69
STRING_CONSTANT (271) 29 31
INCREMENT (272) 66 68
DECREMENT (273) 67 69
PLUSEQ (274)
PREPROCESS (275) 1
DEC (276)
DEF (277)
IFX (278)


Nonterminals, with rules where they appear

$accept (40)
    on left: 0
start (41)
    on left: 1 2 3 4 5, on right: 0 1 2 3 4
FunDec (42)
    on left: 6 7, on right: 2
FunDef (43)
    on left: 8 9, on right: 3
OpenParan (44)
    on left: 10, on right: 6 8
CloseParan (45)
    on left: 11, on right: 6 8
DataType (46)
    on left: 12 13 14 15, on right: 6 7 8 9 16 17 18
ParamList (47)
    on left: 16 17, on right: 6 8 16
VarDec (48)
    on left: 18, on right: 4 38 77
VarList (49)
    on left: 19 20 21 22 23, on right: 18 20 22
FunCall (50)
    on left: 24 25, on right: 70
ReturnStat (51)
    on left: 26 27, on right: 37
ArgList (52)
    on left: 28 29 30 31, on right: 24 28 29
StatType (53)
    on left: 32 33 34, on right: 32 33 45
SingleStat (54)
    on left: 35 36 37 38 39 40 41 42 43, on right: 32 71 73 75 76
BlockStat (55)
    on left: 45, on right: 8 9 33 72 73 74 75 77 78 79
$@1 (56)
    on left: 44, on right: 45
ConstExpr (57)
    on left: 46 47 48 49 50 51 52, on right: 21 22 47 48 49 50 51 52
    65
Expr (58)
    on left: 53 54 55 56 57 58 59 60 61 62, on right: 23 27 28 30 36
    54 55 56 57 58 59 60 61 62 71 72 73 74 75 76 77 78 79
Term (59)
    on left: 63 64 65 66 67 68 69 70, on right: 53
IfStat (60)
    on left: 71 72 73 74 75 76, on right: 39
ForStat (61)
    on left: 77 78, on right: 41
WhileStat (62)
    on left: 79, on right: 40


State 0

    0 $accept: . start $end

    INT         shift, and go to state 1
    FLOAT       shift, and go to state 2
    CHAR        shift, and go to state 3
    VOID        shift, and go to state 4
    PREPROCESS  shift, and go to state 5

    $default  reduce using rule 5 (start)

    start     go to state 6
    FunDec    go to state 7
    FunDef    go to state 8
    DataType  go to state 9
    VarDec    go to state 10


State 1

   13 DataType: INT .

    $default  reduce using rule 13 (DataType)


State 2

   15 DataType: FLOAT .

    $default  reduce using rule 15 (DataType)


State 3

   14 DataType: CHAR .

    $default  reduce using rule 14 (DataType)


State 4

   12 DataType: VOID .

    $default  reduce using rule 12 (DataType)


State 5

    1 start: PREPROCESS . start

    INT         shift, and go to state 1
    FLOAT       shift, and go to state 2
    CHAR        shift, and go to state 3
    VOID        shift, and go to state 4
    PREPROCESS  shift, and go to state 5

    $default  reduce using rule 5 (start)

    start     go to state 11
    FunDec    go to state 7
    FunDef    go to state 8
    DataType  go to state 9
    VarDec    go to state 10


State 6

    0 $accept: start . $end

    $end  shift, and go to state 12


State 7

    2 start: FunDec . ';' start

    ';'  shift, and go to state 13


State 8

    3 start: FunDef . start

    INT         shift, and go to state 1
    FLOAT       shift, and go to state 2
    CHAR        shift, and go to state 3
    VOID        shift, and go to state 4
    PREPROCESS  shift, and go to state 5

    $default  reduce using rule 5 (start)

    start     go to state 14
    FunDec    go to state 7
    FunDef    go to state 8
    DataType  go to state 9
    VarDec    go to state 10


State 9

    6 FunDec: DataType . IDENTIFIER OpenParan ParamList CloseParan
    7       | DataType . IDENTIFIER '(' ')'
    8 FunDef: DataType . IDENTIFIER OpenParan ParamList CloseParan BlockStat
    9       | DataType . IDENTIFIER '(' ')' BlockStat
   18 VarDec: DataType . VarList

    IDENTIFIER  shift, and go to state 15

    VarList  go to state 16


State 10

    4 start: VarDec . ';' start

    ';'  shift, and go to state 17


State 11

    1 start: PREPROCESS start .

    $default  reduce using rule 1 (start)


State 12

    0 $accept: start $end .

    $default  accept


State 13

    2 start: FunDec ';' . start

    INT         shift, and go to state 1
    FLOAT       shift, and go to state 2
    CHAR        shift, and go to state 3
    VOID        shift, and go to state 4
    PREPROCESS  shift, and go to state 5

    $default  reduce using rule 5 (start)

    start     go to state 18
    FunDec    go to state 7
    FunDef    go to state 8
    DataType  go to state 9
    VarDec    go to state 10


State 14

    3 start: FunDef start .

    $default  reduce using rule 3 (start)


State 15

    6 FunDec: DataType IDENTIFIER . OpenParan ParamList CloseParan
    7       | DataType IDENTIFIER . '(' ')'
    8 FunDef: DataType IDENTIFIER . OpenParan ParamList CloseParan BlockStat
    9       | DataType IDENTIFIER . '(' ')' BlockStat
   19 VarList: IDENTIFIER .
   20        | IDENTIFIER . ',' VarList
   21        | IDENTIFIER . '[' ConstExpr ']'
   22        | IDENTIFIER . '[' ConstExpr ']' ',' VarList
   23        | IDENTIFIER . '=' Expr

    '='  shift, and go to state 19
    '('  shift, and go to state 20
    ','  shift, and go to state 21
    '['  shift, and go to state 22

    $default  reduce using rule 19 (VarList)

    OpenParan  go to state 23


State 16

   18 VarDec: DataType VarList .

    $default  reduce using rule 18 (VarDec)


State 17

    4 start: VarDec ';' . start

    INT         shift, and go to state 1
    FLOAT       shift, and go to state 2
    CHAR        shift, and go to state 3
    VOID        shift, and go to state 4
    PREPROCESS  shift, and go to state 5

    $default  reduce using rule 5 (start)

    start     go to state 24
    FunDec    go to state 7
    FunDef    go to state 8
    DataType  go to state 9
    VarDec    go to state 10


State 18

    2 start: FunDec ';' start .

    $default  reduce using rule 2 (start)


State 19

   23 VarList: IDENTIFIER '=' . Expr

    INTEGER_CONSTANT  shift, and go to state 25
    IDENTIFIER        shift, and go to state 26
    INCREMENT         shift, and go to state 27
    DECREMENT         shift, and go to state 28
    '('               shift, and go to state 29

    FunCall  go to state 30
    Expr     go to state 31
    Term     go to state 32


State 20

    7 FunDec: DataType IDENTIFIER '(' . ')'
    9 FunDef: DataType IDENTIFIER '(' . ')' BlockStat
   10 OpenParan: '(' .

    ')'  shift, and go to state 33

    $default  reduce using rule 10 (OpenParan)


State 21

   20 VarList: IDENTIFIER ',' . VarList

    IDENTIFIER  shift, and go to state 34

    VarList  go to state 35


State 22

   21 VarList: IDENTIFIER '[' . ConstExpr ']'
   22        | IDENTIFIER '[' . ConstExpr ']' ',' VarList

    INTEGER_CONSTANT  shift, and go to state 36
    '('               shift, and go to state 37

    ConstExpr  go to state 38


State 23

    6 FunDec: DataType IDENTIFIER OpenParan . ParamList CloseParan
    8 FunDef: DataType IDENTIFIER OpenParan . ParamList CloseParan BlockStat

    INT    shift, and go to state 1
    FLOAT  shift, and go to state 2
    CHAR   shift, and go to state 3
    VOID   shift, and go to state 4

    DataType   go to state 39
    ParamList  go to state 40


State 24

    4 start: VarDec ';' start .

    $default  reduce using rule 4 (start)


State 25

   63 Term: INTEGER_CONSTANT .

    $default  reduce using rule 63 (Term)


State 26

   24 FunCall: IDENTIFIER . '(' ArgList ')'
   25        | IDENTIFIER . '(' ')'
   64 Term: IDENTIFIER .
   65     | IDENTIFIER . '[' ConstExpr ']'
   68     | IDENTIFIER . INCREMENT
   69     | IDENTIFIER . DECREMENT

    INCREMENT  shift, and go to state 41
    DECREMENT  shift, and go to state 42
    '('        shift, and go to state 43
    '['        shift, and go to state 44

    $default  reduce using rule 64 (Term)


State 27

   66 Term: INCREMENT . IDENTIFIER

    IDENTIFIER  shift, and go to state 45


State 28

   67 Term: DECREMENT . IDENTIFIER

    IDENTIFIER  shift, and go to state 46


State 29

   62 Expr: '(' . Expr ')'

    INTEGER_CONSTANT  shift, and go to state 25
    IDENTIFIER        shift, and go to state 26
    INCREMENT         shift, and go to state 27
    DECREMENT         shift, and go to state 28
    '('               shift, and go to state 29

    FunCall  go to state 30
    Expr     go to state 47
    Term     go to state 32


State 30

   70 Term: FunCall .

    $default  reduce using rule 70 (Term)


State 31

   23 VarList: IDENTIFIER '=' Expr .
   54 Expr: Expr . '+' Expr
   55     | Expr . '-' Expr
   56     | Expr . '/' Expr
   57     | Expr . '*' Expr
   58     | Expr . '%' Expr
   59     | Expr . '<' Expr
   60     | Expr . '>' Expr
   61     | Expr . '=' Expr

    '='  shift, and go to state 48
    '<'  shift, and go to state 49
    '>'  shift, and go to state 50
    '+'  shift, and go to state 51
    '-'  shift, and go to state 52
    '/'  shift, and go to state 53
    '*'  shift, and go to state 54
    '%'  shift, and go to state 55

    $default  reduce using rule 23 (VarList)


State 32

   53 Expr: Term .

    $default  reduce using rule 53 (Expr)


State 33

    7 FunDec: DataType IDENTIFIER '(' ')' .
    9 FunDef: DataType IDENTIFIER '(' ')' . BlockStat

    '{'  shift, and go to state 56

    $default  reduce using rule 7 (FunDec)

    BlockStat  go to state 57


State 34

   19 VarList: IDENTIFIER .
   20        | IDENTIFIER . ',' VarList
   21        | IDENTIFIER . '[' ConstExpr ']'
   22        | IDENTIFIER . '[' ConstExpr ']' ',' VarList
   23        | IDENTIFIER . '=' Expr

    '='  shift, and go to state 19
    ','  shift, and go to state 21
    '['  shift, and go to state 22

    $default  reduce using rule 19 (VarList)


State 35

   20 VarList: IDENTIFIER ',' VarList .

    $default  reduce using rule 20 (VarList)


State 36

   46 ConstExpr: INTEGER_CONSTANT .

    $default  reduce using rule 46 (ConstExpr)


State 37

   52 ConstExpr: '(' . ConstExpr ')'

    INTEGER_CONSTANT  shift, and go to state 36
    '('               shift, and go to state 37

    ConstExpr  go to state 58


State 38

   21 VarList: IDENTIFIER '[' ConstExpr . ']'
   22        | IDENTIFIER '[' ConstExpr . ']' ',' VarList
   47 ConstExpr: ConstExpr . '+' ConstExpr
   48          | ConstExpr . '-' ConstExpr
   49          | ConstExpr . '*' ConstExpr
   50          | ConstExpr . '/' ConstExpr
   51          | ConstExpr . '%' ConstExpr

    '+'  shift, and go to state 59
    '-'  shift, and go to state 60
    '/'  shift, and go to state 61
    '*'  shift, and go to state 62
    '%'  shift, and go to state 63
    ']'  shift, and go to state 64


State 39

   16 ParamList: DataType . IDENTIFIER ',' ParamList
   17          | DataType . IDENTIFIER

    IDENTIFIER  shift, and go to state 65


State 40

    6 FunDec: DataType IDENTIFIER OpenParan ParamList . CloseParan
    8 FunDef: DataType IDENTIFIER OpenParan ParamList . CloseParan BlockStat

    ')'  shift, and go to state 66

    CloseParan  go to state 67


State 41

   68 Term: IDENTIFIER INCREMENT .

    $default  reduce using rule 68 (Term)


State 42

   69 Term: IDENTIFIER DECREMENT .

    $default  reduce using rule 69 (Term)


State 43

   24 FunCall: IDENTIFIER '(' . ArgList ')'
   25        | IDENTIFIER '(' . ')'

    INTEGER_CONSTANT  shift, and go to state 25
    IDENTIFIER        shift, and go to state 26
    STRING_CONSTANT   shift, and go to state 68
    INCREMENT         shift, and go to state 27
    DECREMENT         shift, and go to state 28
    '('               shift, and go to state 29
    ')'               shift, and go to state 69

    FunCall  go to state 30
    ArgList  go to state 70
    Expr     go to state 71
    Term     go to state 32


State 44

   65 Term: IDENTIFIER '[' . ConstExpr ']'

    INTEGER_CONSTANT  shift, and go to state 36
    '('               shift, and go to state 37

    ConstExpr  go to state 72


State 45

   66 Term: INCREMENT IDENTIFIER .

    $default  reduce using rule 66 (Term)


State 46

   67 Term: DECREMENT IDENTIFIER .

    $default  reduce using rule 67 (Term)


State 47

   54 Expr: Expr . '+' Expr
   55     | Expr . '-' Expr
   56     | Expr . '/' Expr
   57     | Expr . '*' Expr
   58     | Expr . '%' Expr
   59     | Expr . '<' Expr
   60     | Expr . '>' Expr
   61     | Expr . '=' Expr
   62     | '(' Expr . ')'

    '='  shift, and go to state 48
    '<'  shift, and go to state 49
    '>'  shift, and go to state 50
    '+'  shift, and go to state 51
    '-'  shift, and go to state 52
    '/'  shift, and go to state 53
    '*'  shift, and go to state 54
    '%'  shift, and go to state 55
    ')'  shift, and go to state 73


State 48

   61 Expr: Expr '=' . Expr

    INTEGER_CONSTANT  shift, and go to state 25
    IDENTIFIER        shift, and go to state 26
    INCREMENT         shift, and go to state 27
    DECREMENT         shift, and go to state 28
    '('               shift, and go to state 29

    FunCall  go to state 30
    Expr     go to state 74
    Term     go to state 32


State 49

   59 Expr: Expr '<' . Expr

    INTEGER_CONSTANT  shift, and go to state 25
    IDENTIFIER        shift, and go to state 26
    INCREMENT         shift, and go to state 27
    DECREMENT         shift, and go to state 28
    '('               shift, and go to state 29

    FunCall  go to state 30
    Expr     go to state 75
    Term     go to state 32


State 50

   60 Expr: Expr '>' . Expr

    INTEGER_CONSTANT  shift, and go to state 25
    IDENTIFIER        shift, and go to state 26
    INCREMENT         shift, and go to state 27
    DECREMENT         shift, and go to state 28
    '('               shift, and go to state 29

    FunCall  go to state 30
    Expr     go to state 76
    Term     go to state 32


State 51

   54 Expr: Expr '+' . Expr

    INTEGER_CONSTANT  shift, and go to state 25
    IDENTIFIER        shift, and go to state 26
    INCREMENT         shift, and go to state 27
    DECREMENT         shift, and go to state 28
    '('               shift, and go to state 29

    FunCall  go to state 30
    Expr     go to state 77
    Term     go to state 32


State 52

   55 Expr: Expr '-' . Expr

    INTEGER_CONSTANT  shift, and go to state 25
    IDENTIFIER        shift, and go to state 26
    INCREMENT         shift, and go to state 27
    DECREMENT         shift, and go to state 28
    '('               shift, and go to state 29

    FunCall  go to state 30
    Expr     go to state 78
    Term     go to state 32


State 53

   56 Expr: Expr '/' . Expr

    INTEGER_CONSTANT  shift, and go to state 25
    IDENTIFIER        shift, and go to state 26
    INCREMENT         shift, and go to state 27
    DECREMENT         shift, and go to state 28
    '('               shift, and go to state 29

    FunCall  go to state 30
    Expr     go to state 79
    Term     go to state 32


State 54

   57 Expr: Expr '*' . Expr

    INTEGER_CONSTANT  shift, and go to state 25
    IDENTIFIER        shift, and go to state 26
    INCREMENT         shift, and go to state 27
    DECREMENT         shift, and go to state 28
    '('               shift, and go to state 29

    FunCall  go to state 30
    Expr     go to state 80
    Term     go to state 32


State 55

   58 Expr: Expr '%' . Expr

    INTEGER_CONSTANT  shift, and go to state 25
    IDENTIFIER        shift, and go to state 26
    INCREMENT         shift, and go to state 27
    DECREMENT         shift, and go to state 28
    '('               shift, and go to state 29

    FunCall  go to state 30
    Expr     go to state 81
    Term     go to state 32


State 56

   45 BlockStat: '{' . $@1 StatType '}'

    $default  reduce using rule 44 ($@1)

    $@1  go to state 82


State 57

    9 FunDef: DataType IDENTIFIER '(' ')' BlockStat .

    $default  reduce using rule 9 (FunDef)


State 58

   47 ConstExpr: ConstExpr . '+' ConstExpr
   48          | ConstExpr . '-' ConstExpr
   49          | ConstExpr . '*' ConstExpr
   50          | ConstExpr . '/' ConstExpr
   51          | ConstExpr . '%' ConstExpr
   52          | '(' ConstExpr . ')'

    '+'  shift, and go to state 59
    '-'  shift, and go to state 60
    '/'  shift, and go to state 61
    '*'  shift, and go to state 62
    '%'  shift, and go to state 63
    ')'  shift, and go to state 83


State 59

   47 ConstExpr: ConstExpr '+' . ConstExpr

    INTEGER_CONSTANT  shift, and go to state 36
    '('               shift, and go to state 37

    ConstExpr  go to state 84


State 60

   48 ConstExpr: ConstExpr '-' . ConstExpr

    INTEGER_CONSTANT  shift, and go to state 36
    '('               shift, and go to state 37

    ConstExpr  go to state 85


State 61

   50 ConstExpr: ConstExpr '/' . ConstExpr

    INTEGER_CONSTANT  shift, and go to state 36
    '('               shift, and go to state 37

    ConstExpr  go to state 86


State 62

   49 ConstExpr: ConstExpr '*' . ConstExpr

    INTEGER_CONSTANT  shift, and go to state 36
    '('               shift, and go to state 37

    ConstExpr  go to state 87


State 63

   51 ConstExpr: ConstExpr '%' . ConstExpr

    INTEGER_CONSTANT  shift, and go to state 36
    '('               shift, and go to state 37

    ConstExpr  go to state 88


State 64

   21 VarList: IDENTIFIER '[' ConstExpr ']' .
   22        | IDENTIFIER '[' ConstExpr ']' . ',' VarList

    ','  shift, and go to state 89

    $default  reduce using rule 21 (VarList)


State 65

   16 ParamList: DataType IDENTIFIER . ',' ParamList
   17          | DataType IDENTIFIER .

    ','  shift, and go to state 90

    $default  reduce using rule 17 (ParamList)


State 66

   11 CloseParan: ')' .

    $default  reduce using rule 11 (CloseParan)


State 67

    6 FunDec: DataType IDENTIFIER OpenParan ParamList CloseParan .
    8 FunDef: DataType IDENTIFIER OpenParan ParamList CloseParan . BlockStat

    '{'  shift, and go to state 56

    $default  reduce using rule 6 (FunDec)

    BlockStat  go to state 91


State 68

   29 ArgList: STRING_CONSTANT . ',' ArgList
   31        | STRING_CONSTANT .

    ','  shift, and go to state 92

    $default  reduce using rule 31 (ArgList)


State 69

   25 FunCall: IDENTIFIER '(' ')' .

    $default  reduce using rule 25 (FunCall)


State 70

   24 FunCall: IDENTIFIER '(' ArgList . ')'

    ')'  shift, and go to state 93


State 71

   28 ArgList: Expr . ',' ArgList
   30        | Expr .
   54 Expr: Expr . '+' Expr
   55     | Expr . '-' Expr
   56     | Expr . '/' Expr
   57     | Expr . '*' Expr
   58     | Expr . '%' Expr
   59     | Expr . '<' Expr
   60     | Expr . '>' Expr
   61     | Expr . '=' Expr

    '='  shift, and go to state 48
    '<'  shift, and go to state 49
    '>'  shift, and go to state 50
    '+'  shift, and go to state 51
    '-'  shift, and go to state 52
    '/'  shift, and go to state 53
    '*'  shift, and go to state 54
    '%'  shift, and go to state 55
    ','  shift, and go to state 94

    $default  reduce using rule 30 (ArgList)


State 72

   47 ConstExpr: ConstExpr . '+' ConstExpr
   48          | ConstExpr . '-' ConstExpr
   49          | ConstExpr . '*' ConstExpr
   50          | ConstExpr . '/' ConstExpr
   51          | ConstExpr . '%' ConstExpr
   65 Term: IDENTIFIER '[' ConstExpr . ']'

    '+'  shift, and go to state 59
    '-'  shift, and go to state 60
    '/'  shift, and go to state 61
    '*'  shift, and go to state 62
    '%'  shift, and go to state 63
    ']'  shift, and go to state 95


State 73

   62 Expr: '(' Expr ')' .

    $default  reduce using rule 62 (Expr)


State 74

   54 Expr: Expr . '+' Expr
   55     | Expr . '-' Expr
   56     | Expr . '/' Expr
   57     | Expr . '*' Expr
   58     | Expr . '%' Expr
   59     | Expr . '<' Expr
   60     | Expr . '>' Expr
   61     | Expr . '=' Expr
   61     | Expr '=' Expr .

    '<'  shift, and go to state 49
    '>'  shift, and go to state 50
    '+'  shift, and go to state 51
    '-'  shift, and go to state 52
    '/'  shift, and go to state 53
    '*'  shift, and go to state 54
    '%'  shift, and go to state 55

    $default  reduce using rule 61 (Expr)


State 75

   54 Expr: Expr . '+' Expr
   55     | Expr . '-' Expr
   56     | Expr . '/' Expr
   57     | Expr . '*' Expr
   58     | Expr . '%' Expr
   59     | Expr . '<' Expr
   59     | Expr '<' Expr .
   60     | Expr . '>' Expr
   61     | Expr . '=' Expr

    '+'  shift, and go to state 51
    '-'  shift, and go to state 52
    '/'  shift, and go to state 53
    '*'  shift, and go to state 54
    '%'  shift, and go to state 55

    $default  reduce using rule 59 (Expr)


State 76

   54 Expr: Expr . '+' Expr
   55     | Expr . '-' Expr
   56     | Expr . '/' Expr
   57     | Expr . '*' Expr
   58     | Expr . '%' Expr
   59     | Expr . '<' Expr
   60     | Expr . '>' Expr
   60     | Expr '>' Expr .
   61     | Expr . '=' Expr

    '+'  shift, and go to state 51
    '-'  shift, and go to state 52
    '/'  shift, and go to state 53
    '*'  shift, and go to state 54
    '%'  shift, and go to state 55

    $default  reduce using rule 60 (Expr)


State 77

   54 Expr: Expr . '+' Expr
   54     | Expr '+' Expr .
   55     | Expr . '-' Expr
   56     | Expr . '/' Expr
   57     | Expr . '*' Expr
   58     | Expr . '%' Expr
   59     | Expr . '<' Expr
   60     | Expr . '>' Expr
   61     | Expr . '=' Expr

    '/'  shift, and go to state 53
    '*'  shift, and go to state 54
    '%'  shift, and go to state 55

    $default  reduce using rule 54 (Expr)


State 78

   54 Expr: Expr . '+' Expr
   55     | Expr . '-' Expr
   55     | Expr '-' Expr .
   56     | Expr . '/' Expr
   57     | Expr . '*' Expr
   58     | Expr . '%' Expr
   59     | Expr . '<' Expr
   60     | Expr . '>' Expr
   61     | Expr . '=' Expr

    '/'  shift, and go to state 53
    '*'  shift, and go to state 54
    '%'  shift, and go to state 55

    $default  reduce using rule 55 (Expr)


State 79

   54 Expr: Expr . '+' Expr
   55     | Expr . '-' Expr
   56     | Expr . '/' Expr
   56     | Expr '/' Expr .
   57     | Expr . '*' Expr
   58     | Expr . '%' Expr
   59     | Expr . '<' Expr
   60     | Expr . '>' Expr
   61     | Expr . '=' Expr

    $default  reduce using rule 56 (Expr)


State 80

   54 Expr: Expr . '+' Expr
   55     | Expr . '-' Expr
   56     | Expr . '/' Expr
   57     | Expr . '*' Expr
   57     | Expr '*' Expr .
   58     | Expr . '%' Expr
   59     | Expr . '<' Expr
   60     | Expr . '>' Expr
   61     | Expr . '=' Expr

    $default  reduce using rule 57 (Expr)


State 81

   54 Expr: Expr . '+' Expr
   55     | Expr . '-' Expr
   56     | Expr . '/' Expr
   57     | Expr . '*' Expr
   58     | Expr . '%' Expr
   58     | Expr '%' Expr .
   59     | Expr . '<' Expr
   60     | Expr . '>' Expr
   61     | Expr . '=' Expr

    $default  reduce using rule 58 (Expr)


State 82

   45 BlockStat: '{' $@1 . StatType '}'

    INT               shift, and go to state 1
    FLOAT             shift, and go to state 2
    WHILE             shift, and go to state 96
    FOR               shift, and go to state 97
    IF                shift, and go to state 98
    CHAR              shift, and go to state 3
    VOID              shift, and go to state 4
    RETURN            shift, and go to state 99
    BREAK             shift, and go to state 100
    CONTINUE          shift, and go to state 101
    INTEGER_CONSTANT  shift, and go to state 25
    IDENTIFIER        shift, and go to state 26
    INCREMENT         shift, and go to state 27
    DECREMENT         shift, and go to state 28
    ';'               shift, and go to state 102
    '('               shift, and go to state 29
    '{'               shift, and go to state 56

    $default  reduce using rule 34 (StatType)

    DataType    go to state 103
    VarDec      go to state 104
    FunCall     go to state 30
    ReturnStat  go to state 105
    StatType    go to state 106
    SingleStat  go to state 107
    BlockStat   go to state 108
    Expr        go to state 109
    Term        go to state 32
    IfStat      go to state 110
    ForStat     go to state 111
    WhileStat   go to state 112


State 83

   52 ConstExpr: '(' ConstExpr ')' .

    $default  reduce using rule 52 (ConstExpr)


State 84

   47 ConstExpr: ConstExpr . '+' ConstExpr
   47          | ConstExpr '+' ConstExpr .
   48          | ConstExpr . '-' ConstExpr
   49          | ConstExpr . '*' ConstExpr
   50          | ConstExpr . '/' ConstExpr
   51          | ConstExpr . '%' ConstExpr

    '/'  shift, and go to state 61
    '*'  shift, and go to state 62
    '%'  shift, and go to state 63

    $default  reduce using rule 47 (ConstExpr)


State 85

   47 ConstExpr: ConstExpr . '+' ConstExpr
   48          | ConstExpr . '-' ConstExpr
   48          | ConstExpr '-' ConstExpr .
   49          | ConstExpr . '*' ConstExpr
   50          | ConstExpr . '/' ConstExpr
   51          | ConstExpr . '%' ConstExpr

    '/'  shift, and go to state 61
    '*'  shift, and go to state 62
    '%'  shift, and go to state 63

    $default  reduce using rule 48 (ConstExpr)


State 86

   47 ConstExpr: ConstExpr . '+' ConstExpr
   48          | ConstExpr . '-' ConstExpr
   49          | ConstExpr . '*' ConstExpr
   50          | ConstExpr . '/' ConstExpr
   50          | ConstExpr '/' ConstExpr .
   51          | ConstExpr . '%' ConstExpr

    $default  reduce using rule 50 (ConstExpr)


State 87

   47 ConstExpr: ConstExpr . '+' ConstExpr
   48          | ConstExpr . '-' ConstExpr
   49          | ConstExpr . '*' ConstExpr
   49          | ConstExpr '*' ConstExpr .
   50          | ConstExpr . '/' ConstExpr
   51          | ConstExpr . '%' ConstExpr

    $default  reduce using rule 49 (ConstExpr)


State 88

   47 ConstExpr: ConstExpr . '+' ConstExpr
   48          | ConstExpr . '-' ConstExpr
   49          | ConstExpr . '*' ConstExpr
   50          | ConstExpr . '/' ConstExpr
   51          | ConstExpr . '%' ConstExpr
   51          | ConstExpr '%' ConstExpr .

    $default  reduce using rule 51 (ConstExpr)


State 89

   22 VarList: IDENTIFIER '[' ConstExpr ']' ',' . VarList

    IDENTIFIER  shift, and go to state 34

    VarList  go to state 113


State 90

   16 ParamList: DataType IDENTIFIER ',' . ParamList

    INT    shift, and go to state 1
    FLOAT  shift, and go to state 2
    CHAR   shift, and go to state 3
    VOID   shift, and go to state 4

    DataType   go to state 39
    ParamList  go to state 114


State 91

    8 FunDef: DataType IDENTIFIER OpenParan ParamList CloseParan BlockStat .

    $default  reduce using rule 8 (FunDef)


State 92

   29 ArgList: STRING_CONSTANT ',' . ArgList

    INTEGER_CONSTANT  shift, and go to state 25
    IDENTIFIER        shift, and go to state 26
    STRING_CONSTANT   shift, and go to state 68
    INCREMENT         shift, and go to state 27
    DECREMENT         shift, and go to state 28
    '('               shift, and go to state 29

    FunCall  go to state 30
    ArgList  go to state 115
    Expr     go to state 71
    Term     go to state 32


State 93

   24 FunCall: IDENTIFIER '(' ArgList ')' .

    $default  reduce using rule 24 (FunCall)


State 94

   28 ArgList: Expr ',' . ArgList

    INTEGER_CONSTANT  shift, and go to state 25
    IDENTIFIER        shift, and go to state 26
    STRING_CONSTANT   shift, and go to state 68
    INCREMENT         shift, and go to state 27
    DECREMENT         shift, and go to state 28
    '('               shift, and go to state 29

    FunCall  go to state 30
    ArgList  go to state 116
    Expr     go to state 71
    Term     go to state 32


State 95

   65 Term: IDENTIFIER '[' ConstExpr ']' .

    $default  reduce using rule 65 (Term)


State 96

   79 WhileStat: WHILE . '(' Expr ')' BlockStat

    '('  shift, and go to state 117


State 97

   77 ForStat: FOR . '(' VarDec ';' Expr ';' Expr ')' BlockStat
   78        | FOR . '(' Expr ';' Expr ';' Expr ')' BlockStat

    '('  shift, and go to state 118


State 98

   71 IfStat: IF . '(' Expr ')' SingleStat
   72       | IF . '(' Expr ')' BlockStat
   73       | IF . '(' Expr ')' SingleStat ELSE BlockStat
   74       | IF . '(' Expr ')' BlockStat ELSE BlockStat
   75       | IF . '(' Expr ')' BlockStat ELSE SingleStat
   76       | IF . '(' Expr ')' SingleStat ELSE SingleStat

    '('  shift, and go to state 119


State 99

   26 ReturnStat: RETURN .
   27           | RETURN . Expr

    INTEGER_CONSTANT  shift, and go to state 25
    IDENTIFIER        shift, and go to state 26
    INCREMENT         shift, and go to state 27
    DECREMENT         shift, and go to state 28
    '('               shift, and go to state 29

    $default  reduce using rule 26 (ReturnStat)

    FunCall  go to state 30
    Expr     go to state 120
    Term     go to state 32


State 100

   42 SingleStat: BREAK . ';'

    ';'  shift, and go to state 121


State 101

   43 SingleStat: CONTINUE . ';'

    ';'  shift, and go to state 122


State 102

   35 SingleStat: ';' .

    $default  reduce using rule 35 (SingleStat)


State 103

   18 VarDec: DataType . VarList

    IDENTIFIER  shift, and go to state 34

    VarList  go to state 16


State 104

   38 SingleStat: VarDec . ';'

    ';'  shift, and go to state 123


State 105

   37 SingleStat: ReturnStat . ';'

    ';'  shift, and go to state 124


State 106

   45 BlockStat: '{' $@1 StatType . '}'

    '}'  shift, and go to state 125


State 107

   32 StatType: SingleStat . StatType

    INT               shift, and go to state 1
    FLOAT             shift, and go to state 2
    WHILE             shift, and go to state 96
    FOR               shift, and go to state 97
    IF                shift, and go to state 98
    CHAR              shift, and go to state 3
    VOID              shift, and go to state 4
    RETURN            shift, and go to state 99
    BREAK             shift, and go to state 100
    CONTINUE          shift, and go to state 101
    INTEGER_CONSTANT  shift, and go to state 25
    IDENTIFIER        shift, and go to state 26
    INCREMENT         shift, and go to state 27
    DECREMENT         shift, and go to state 28
    ';'               shift, and go to state 102
    '('               shift, and go to state 29
    '{'               shift, and go to state 56

    $default  reduce using rule 34 (StatType)

    DataType    go to state 103
    VarDec      go to state 104
    FunCall     go to state 30
    ReturnStat  go to state 105
    StatType    go to state 126
    SingleStat  go to state 107
    BlockStat   go to state 108
    Expr        go to state 109
    Term        go to state 32
    IfStat      go to state 110
    ForStat     go to state 111
    WhileStat   go to state 112


State 108

   33 StatType: BlockStat . StatType

    INT               shift, and go to state 1
    FLOAT             shift, and go to state 2
    WHILE             shift, and go to state 96
    FOR               shift, and go to state 97
    IF                shift, and go to state 98
    CHAR              shift, and go to state 3
    VOID              shift, and go to state 4
    RETURN            shift, and go to state 99
    BREAK             shift, and go to state 100
    CONTINUE          shift, and go to state 101
    INTEGER_CONSTANT  shift, and go to state 25
    IDENTIFIER        shift, and go to state 26
    INCREMENT         shift, and go to state 27
    DECREMENT         shift, and go to state 28
    ';'               shift, and go to state 102
    '('               shift, and go to state 29
    '{'               shift, and go to state 56

    $default  reduce using rule 34 (StatType)

    DataType    go to state 103
    VarDec      go to state 104
    FunCall     go to state 30
    ReturnStat  go to state 105
    StatType    go to state 127
    SingleStat  go to state 107
    BlockStat   go to state 108
    Expr        go to state 109
    Term        go to state 32
    IfStat      go to state 110
    ForStat     go to state 111
    WhileStat   go to state 112


State 109

   36 SingleStat: Expr . ';'
   54 Expr: Expr . '+' Expr
   55     | Expr . '-' Expr
   56     | Expr . '/' Expr
   57     | Expr . '*' Expr
   58     | Expr . '%' Expr
   59     | Expr . '<' Expr
   60     | Expr . '>' Expr
   61     | Expr . '=' Expr

    '='  shift, and go to state 48
    '<'  shift, and go to state 49
    '>'  shift, and go to state 50
    '+'  shift, and go to state 51
    '-'  shift, and go to state 52
    '/'  shift, and go to state 53
    '*'  shift, and go to state 54
    '%'  shift, and go to state 55
    ';'  shift, and go to state 128


State 110

   39 SingleStat: IfStat .

    $default  reduce using rule 39 (SingleStat)


State 111

   41 SingleStat: ForStat .

    $default  reduce using rule 41 (SingleStat)


State 112

   40 SingleStat: WhileStat .

    $default  reduce using rule 40 (SingleStat)


State 113

   22 VarList: IDENTIFIER '[' ConstExpr ']' ',' VarList .

    $default  reduce using rule 22 (VarList)


State 114

   16 ParamList: DataType IDENTIFIER ',' ParamList .

    $default  reduce using rule 16 (ParamList)


State 115

   29 ArgList: STRING_CONSTANT ',' ArgList .

    $default  reduce using rule 29 (ArgList)


State 116

   28 ArgList: Expr ',' ArgList .

    $default  reduce using rule 28 (ArgList)


State 117

   79 WhileStat: WHILE '(' . Expr ')' BlockStat

    INTEGER_CONSTANT  shift, and go to state 25
    IDENTIFIER        shift, and go to state 26
    INCREMENT         shift, and go to state 27
    DECREMENT         shift, and go to state 28
    '('               shift, and go to state 29

    FunCall  go to state 30
    Expr     go to state 129
    Term     go to state 32


State 118

   77 ForStat: FOR '(' . VarDec ';' Expr ';' Expr ')' BlockStat
   78        | FOR '(' . Expr ';' Expr ';' Expr ')' BlockStat

    INT               shift, and go to state 1
    FLOAT             shift, and go to state 2
    CHAR              shift, and go to state 3
    VOID              shift, and go to state 4
    INTEGER_CONSTANT  shift, and go to state 25
    IDENTIFIER        shift, and go to state 26
    INCREMENT         shift, and go to state 27
    DECREMENT         shift, and go to state 28
    '('               shift, and go to state 29

    DataType  go to state 103
    VarDec    go to state 130
    FunCall   go to state 30
    Expr      go to state 131
    Term      go to state 32


State 119

   71 IfStat: IF '(' . Expr ')' SingleStat
   72       | IF '(' . Expr ')' BlockStat
   73       | IF '(' . Expr ')' SingleStat ELSE BlockStat
   74       | IF '(' . Expr ')' BlockStat ELSE BlockStat
   75       | IF '(' . Expr ')' BlockStat ELSE SingleStat
   76       | IF '(' . Expr ')' SingleStat ELSE SingleStat

    INTEGER_CONSTANT  shift, and go to state 25
    IDENTIFIER        shift, and go to state 26
    INCREMENT         shift, and go to state 27
    DECREMENT         shift, and go to state 28
    '('               shift, and go to state 29

    FunCall  go to state 30
    Expr     go to state 132
    Term     go to state 32


State 120

   27 ReturnStat: RETURN Expr .
   54 Expr: Expr . '+' Expr
   55     | Expr . '-' Expr
   56     | Expr . '/' Expr
   57     | Expr . '*' Expr
   58     | Expr . '%' Expr
   59     | Expr . '<' Expr
   60     | Expr . '>' Expr
   61     | Expr . '=' Expr

    '='  shift, and go to state 48
    '<'  shift, and go to state 49
    '>'  shift, and go to state 50
    '+'  shift, and go to state 51
    '-'  shift, and go to state 52
    '/'  shift, and go to state 53
    '*'  shift, and go to state 54
    '%'  shift, and go to state 55

    $default  reduce using rule 27 (ReturnStat)


State 121

   42 SingleStat: BREAK ';' .

    $default  reduce using rule 42 (SingleStat)


State 122

   43 SingleStat: CONTINUE ';' .

    $default  reduce using rule 43 (SingleStat)


State 123

   38 SingleStat: VarDec ';' .

    $default  reduce using rule 38 (SingleStat)


State 124

   37 SingleStat: ReturnStat ';' .

    $default  reduce using rule 37 (SingleStat)


State 125

   45 BlockStat: '{' $@1 StatType '}' .

    $default  reduce using rule 45 (BlockStat)


State 126

   32 StatType: SingleStat StatType .

    $default  reduce using rule 32 (StatType)


State 127

   33 StatType: BlockStat StatType .

    $default  reduce using rule 33 (StatType)


State 128

   36 SingleStat: Expr ';' .

    $default  reduce using rule 36 (SingleStat)


State 129

   54 Expr: Expr . '+' Expr
   55     | Expr . '-' Expr
   56     | Expr . '/' Expr
   57     | Expr . '*' Expr
   58     | Expr . '%' Expr
   59     | Expr . '<' Expr
   60     | Expr . '>' Expr
   61     | Expr . '=' Expr
   79 WhileStat: WHILE '(' Expr . ')' BlockStat

    '='  shift, and go to state 48
    '<'  shift, and go to state 49
    '>'  shift, and go to state 50
    '+'  shift, and go to state 51
    '-'  shift, and go to state 52
    '/'  shift, and go to state 53
    '*'  shift, and go to state 54
    '%'  shift, and go to state 55
    ')'  shift, and go to state 133


State 130

   77 ForStat: FOR '(' VarDec . ';' Expr ';' Expr ')' BlockStat

    ';'  shift, and go to state 134


State 131

   54 Expr: Expr . '+' Expr
   55     | Expr . '-' Expr
   56     | Expr . '/' Expr
   57     | Expr . '*' Expr
   58     | Expr . '%' Expr
   59     | Expr . '<' Expr
   60     | Expr . '>' Expr
   61     | Expr . '=' Expr
   78 ForStat: FOR '(' Expr . ';' Expr ';' Expr ')' BlockStat

    '='  shift, and go to state 48
    '<'  shift, and go to state 49
    '>'  shift, and go to state 50
    '+'  shift, and go to state 51
    '-'  shift, and go to state 52
    '/'  shift, and go to state 53
    '*'  shift, and go to state 54
    '%'  shift, and go to state 55
    ';'  shift, and go to state 135


State 132

   54 Expr: Expr . '+' Expr
   55     | Expr . '-' Expr
   56     | Expr . '/' Expr
   57     | Expr . '*' Expr
   58     | Expr . '%' Expr
   59     | Expr . '<' Expr
   60     | Expr . '>' Expr
   61     | Expr . '=' Expr
   71 IfStat: IF '(' Expr . ')' SingleStat
   72       | IF '(' Expr . ')' BlockStat
   73       | IF '(' Expr . ')' SingleStat ELSE BlockStat
   74       | IF '(' Expr . ')' BlockStat ELSE BlockStat
   75       | IF '(' Expr . ')' BlockStat ELSE SingleStat
   76       | IF '(' Expr . ')' SingleStat ELSE SingleStat

    '='  shift, and go to state 48
    '<'  shift, and go to state 49
    '>'  shift, and go to state 50
    '+'  shift, and go to state 51
    '-'  shift, and go to state 52
    '/'  shift, and go to state 53
    '*'  shift, and go to state 54
    '%'  shift, and go to state 55
    ')'  shift, and go to state 136


State 133

   79 WhileStat: WHILE '(' Expr ')' . BlockStat

    '{'  shift, and go to state 56

    BlockStat  go to state 137


State 134

   77 ForStat: FOR '(' VarDec ';' . Expr ';' Expr ')' BlockStat

    INTEGER_CONSTANT  shift, and go to state 25
    IDENTIFIER        shift, and go to state 26
    INCREMENT         shift, and go to state 27
    DECREMENT         shift, and go to state 28
    '('               shift, and go to state 29

    FunCall  go to state 30
    Expr     go to state 138
    Term     go to state 32


State 135

   78 ForStat: FOR '(' Expr ';' . Expr ';' Expr ')' BlockStat

    INTEGER_CONSTANT  shift, and go to state 25
    IDENTIFIER        shift, and go to state 26
    INCREMENT         shift, and go to state 27
    DECREMENT         shift, and go to state 28
    '('               shift, and go to state 29

    FunCall  go to state 30
    Expr     go to state 139
    Term     go to state 32


State 136

   71 IfStat: IF '(' Expr ')' . SingleStat
   72       | IF '(' Expr ')' . BlockStat
   73       | IF '(' Expr ')' . SingleStat ELSE BlockStat
   74       | IF '(' Expr ')' . BlockStat ELSE BlockStat
   75       | IF '(' Expr ')' . BlockStat ELSE SingleStat
   76       | IF '(' Expr ')' . SingleStat ELSE SingleStat

    INT               shift, and go to state 1
    FLOAT             shift, and go to state 2
    WHILE             shift, and go to state 96
    FOR               shift, and go to state 97
    IF                shift, and go to state 98
    CHAR              shift, and go to state 3
    VOID              shift, and go to state 4
    RETURN            shift, and go to state 99
    BREAK             shift, and go to state 100
    CONTINUE          shift, and go to state 101
    INTEGER_CONSTANT  shift, and go to state 25
    IDENTIFIER        shift, and go to state 26
    INCREMENT         shift, and go to state 27
    DECREMENT         shift, and go to state 28
    ';'               shift, and go to state 102
    '('               shift, and go to state 29
    '{'               shift, and go to state 56

    DataType    go to state 103
    VarDec      go to state 104
    FunCall     go to state 30
    ReturnStat  go to state 105
    SingleStat  go to state 140
    BlockStat   go to state 141
    Expr        go to state 109
    Term        go to state 32
    IfStat      go to state 110
    ForStat     go to state 111
    WhileStat   go to state 112


State 137

   79 WhileStat: WHILE '(' Expr ')' BlockStat .

    $default  reduce using rule 79 (WhileStat)


State 138

   54 Expr: Expr . '+' Expr
   55     | Expr . '-' Expr
   56     | Expr . '/' Expr
   57     | Expr . '*' Expr
   58     | Expr . '%' Expr
   59     | Expr . '<' Expr
   60     | Expr . '>' Expr
   61     | Expr . '=' Expr
   77 ForStat: FOR '(' VarDec ';' Expr . ';' Expr ')' BlockStat

    '='  shift, and go to state 48
    '<'  shift, and go to state 49
    '>'  shift, and go to state 50
    '+'  shift, and go to state 51
    '-'  shift, and go to state 52
    '/'  shift, and go to state 53
    '*'  shift, and go to state 54
    '%'  shift, and go to state 55
    ';'  shift, and go to state 142


State 139

   54 Expr: Expr . '+' Expr
   55     | Expr . '-' Expr
   56     | Expr . '/' Expr
   57     | Expr . '*' Expr
   58     | Expr . '%' Expr
   59     | Expr . '<' Expr
   60     | Expr . '>' Expr
   61     | Expr . '=' Expr
   78 ForStat: FOR '(' Expr ';' Expr . ';' Expr ')' BlockStat

    '='  shift, and go to state 48
    '<'  shift, and go to state 49
    '>'  shift, and go to state 50
    '+'  shift, and go to state 51
    '-'  shift, and go to state 52
    '/'  shift, and go to state 53
    '*'  shift, and go to state 54
    '%'  shift, and go to state 55
    ';'  shift, and go to state 143


State 140

   71 IfStat: IF '(' Expr ')' SingleStat .
   73       | IF '(' Expr ')' SingleStat . ELSE BlockStat
   76       | IF '(' Expr ')' SingleStat . ELSE SingleStat

    ELSE  shift, and go to state 144

    $default  reduce using rule 71 (IfStat)


State 141

   72 IfStat: IF '(' Expr ')' BlockStat .
   74       | IF '(' Expr ')' BlockStat . ELSE BlockStat
   75       | IF '(' Expr ')' BlockStat . ELSE SingleStat

    ELSE  shift, and go to state 145

    $default  reduce using rule 72 (IfStat)


State 142

   77 ForStat: FOR '(' VarDec ';' Expr ';' . Expr ')' BlockStat

    INTEGER_CONSTANT  shift, and go to state 25
    IDENTIFIER        shift, and go to state 26
    INCREMENT         shift, and go to state 27
    DECREMENT         shift, and go to state 28
    '('               shift, and go to state 29

    FunCall  go to state 30
    Expr     go to state 146
    Term     go to state 32


State 143

   78 ForStat: FOR '(' Expr ';' Expr ';' . Expr ')' BlockStat

    INTEGER_CONSTANT  shift, and go to state 25
    IDENTIFIER        shift, and go to state 26
    INCREMENT         shift, and go to state 27
    DECREMENT         shift, and go to state 28
    '('               shift, and go to state 29

    FunCall  go to state 30
    Expr     go to state 147
    Term     go to state 32


State 144

   73 IfStat: IF '(' Expr ')' SingleStat ELSE . BlockStat
   76       | IF '(' Expr ')' SingleStat ELSE . SingleStat

    INT               shift, and go to state 1
    FLOAT             shift, and go to state 2
    WHILE             shift, and go to state 96
    FOR               shift, and go to state 97
    IF                shift, and go to state 98
    CHAR              shift, and go to state 3
    VOID              shift, and go to state 4
    RETURN            shift, and go to state 99
    BREAK             shift, and go to state 100
    CONTINUE          shift, and go to state 101
    INTEGER_CONSTANT  shift, and go to state 25
    IDENTIFIER        shift, and go to state 26
    INCREMENT         shift, and go to state 27
    DECREMENT         shift, and go to state 28
    ';'               shift, and go to state 102
    '('               shift, and go to state 29
    '{'               shift, and go to state 56

    DataType    go to state 103
    VarDec      go to state 104
    FunCall     go to state 30
    ReturnStat  go to state 105
    SingleStat  go to state 148
    BlockStat   go to state 149
    Expr        go to state 109
    Term        go to state 32
    IfStat      go to state 110
    ForStat     go to state 111
    WhileStat   go to state 112


State 145

   74 IfStat: IF '(' Expr ')' BlockStat ELSE . BlockStat
   75       | IF '(' Expr ')' BlockStat ELSE . SingleStat

    INT               shift, and go to state 1
    FLOAT             shift, and go to state 2
    WHILE             shift, and go to state 96
    FOR               shift, and go to state 97
    IF                shift, and go to state 98
    CHAR              shift, and go to state 3
    VOID              shift, and go to state 4
    RETURN            shift, and go to state 99
    BREAK             shift, and go to state 100
    CONTINUE          shift, and go to state 101
    INTEGER_CONSTANT  shift, and go to state 25
    IDENTIFIER        shift, and go to state 26
    INCREMENT         shift, and go to state 27
    DECREMENT         shift, and go to state 28
    ';'               shift, and go to state 102
    '('               shift, and go to state 29
    '{'               shift, and go to state 56

    DataType    go to state 103
    VarDec      go to state 104
    FunCall     go to state 30
    ReturnStat  go to state 105
    SingleStat  go to state 150
    BlockStat   go to state 151
    Expr        go to state 109
    Term        go to state 32
    IfStat      go to state 110
    ForStat     go to state 111
    WhileStat   go to state 112


State 146

   54 Expr: Expr . '+' Expr
   55     | Expr . '-' Expr
   56     | Expr . '/' Expr
   57     | Expr . '*' Expr
   58     | Expr . '%' Expr
   59     | Expr . '<' Expr
   60     | Expr . '>' Expr
   61     | Expr . '=' Expr
   77 ForStat: FOR '(' VarDec ';' Expr ';' Expr . ')' BlockStat

    '='  shift, and go to state 48
    '<'  shift, and go to state 49
    '>'  shift, and go to state 50
    '+'  shift, and go to state 51
    '-'  shift, and go to state 52
    '/'  shift, and go to state 53
    '*'  shift, and go to state 54
    '%'  shift, and go to state 55
    ')'  shift, and go to state 152


State 147

   54 Expr: Expr . '+' Expr
   55     | Expr . '-' Expr
   56     | Expr . '/' Expr
   57     | Expr . '*' Expr
   58     | Expr . '%' Expr
   59     | Expr . '<' Expr
   60     | Expr . '>' Expr
   61     | Expr . '=' Expr
   78 ForStat: FOR '(' Expr ';' Expr ';' Expr . ')' BlockStat

    '='  shift, and go to state 48
    '<'  shift, and go to state 49
    '>'  shift, and go to state 50
    '+'  shift, and go to state 51
    '-'  shift, and go to state 52
    '/'  shift, and go to state 53
    '*'  shift, and go to state 54
    '%'  shift, and go to state 55
    ')'  shift, and go to state 153


State 148

   76 IfStat: IF '(' Expr ')' SingleStat ELSE SingleStat .

    $default  reduce using rule 76 (IfStat)


State 149

   73 IfStat: IF '(' Expr ')' SingleStat ELSE BlockStat .

    $default  reduce using rule 73 (IfStat)


State 150

   75 IfStat: IF '(' Expr ')' BlockStat ELSE SingleStat .

    $default  reduce using rule 75 (IfStat)


State 151

   74 IfStat: IF '(' Expr ')' BlockStat ELSE BlockStat .

    $default  reduce using rule 74 (IfStat)


State 152

   77 ForStat: FOR '(' VarDec ';' Expr ';' Expr ')' . BlockStat

    '{'  shift, and go to state 56

    BlockStat  go to state 154


State 153

   78 ForStat: FOR '(' Expr ';' Expr ';' Expr ')' . BlockStat

    '{'  shift, and go to state 56

    BlockStat  go to state 155


State 154

   77 ForStat: FOR '(' VarDec ';' Expr ';' Expr ')' BlockStat .

    $default  reduce using rule 77 (ForStat)


State 155

   78 ForStat: FOR '(' Expr ';' Expr ';' Expr ')' BlockStat .

    $default  reduce using rule 78 (ForStat)
